<?xml version="1.0" encoding="UTF-8"?>
<testsuite name="ParkingLotTest" tests="1" skipped="0" failures="0" errors="0" timestamp="2020-04-10T00:19:55" hostname="prasad" time="0.017">
  <properties/>
  <testcase name="checkCondition_ForEvenlyCarPark_ShouldReturnTrue" classname="ParkingLotTest" time="0.017"/>
  <system-out><![CDATA[]]></system-out>
  <system-err><![CDATA[]]></system-err>
</testsuite>
