<?xml version="1.0" encoding="UTF-8"?>
<testsuite name="ParkingLotTest" tests="1" skipped="0" failures="0" errors="0" timestamp="2020-04-07T07:47:04" hostname="prasad" time="0.002">
  <properties/>
  <testcase name="checkCondition_To_FindCar_ShouldReturnTrue" classname="ParkingLotTest" time="0.002"/>
  <system-out><![CDATA[]]></system-out>
  <system-err><![CDATA[]]></system-err>
</testsuite>
