<?xml version="1.0" encoding="UTF-8"?>
<testsuite name="ParkingLotTest" tests="1" skipped="0" failures="0" errors="0" timestamp="2020-04-08T09:07:57" hostname="prasad" time="0.019">
  <properties/>
  <testcase name="checkCondition_whenCarWasParked_ShouldReturnTime" classname="ParkingLotTest" time="0.019"/>
  <system-out><![CDATA[]]></system-out>
  <system-err><![CDATA[]]></system-err>
</testsuite>
