<?xml version="1.0" encoding="UTF-8"?>
<testsuite name="ParkingLotTest" tests="12" skipped="0" failures="0" errors="0" timestamp="2020-04-10T07:51:03" hostname="prasad" time="0.148">
  <properties/>
  <testcase name="checkConditionFor_FindCar_ShouldReturnSlotNo" classname="ParkingLotTest" time="0.012"/>
  <testcase name="checkConditionsFor_LargeCars_WhenParkInMoreAvailableSpace_ShouldReturnTrue" classname="ParkingLotTest" time="0.0"/>
  <testcase name="checkCondition_whetherParkingLotIsFull_SoThatPutOutSign" classname="ParkingLotTest" time="0.001"/>
  <testcase name="checkConditionFor_ParkingAttendantToParkCar_ShouldReturnTrue" classname="ParkingLotTest" time="0.0"/>
  <testcase name="checkConditionFor_UnParkTheCar_ShouldReturnTrue" classname="ParkingLotTest" time="0.001"/>
  <testcase name="checkCondition_ForEvenlyCarPark_ShouldReturnTrue" classname="ParkingLotTest" time="0.028"/>
  <testcase name="checkCondition_whenCarWasParked_ShouldReturnTime" classname="ParkingLotTest" time="0.096"/>
  <testcase name="checkCondition_WhetherParkingLotHasSpaceAvailable" classname="ParkingLotTest" time="0.001"/>
  <testcase name="checkCondition_To_FindCar_ShouldReturnTrue" classname="ParkingLotTest" time="0.001"/>
  <testcase name="checkConditionFor_ParkTheCar_ShouldReturnTrue" classname="ParkingLotTest" time="0.001"/>
  <testcase name="checkCondition_whetherParkingLotIsFull_ShouldRedirectAirportSecurity" classname="ParkingLotTest" time="0.001"/>
  <testcase name="checkConditionFor_HandiCapDriver_ShouldParkNearestSpaceAvailable" classname="ParkingLotTest" time="0.001"/>
  <system-out><![CDATA[]]></system-out>
  <system-err><![CDATA[]]></system-err>
</testsuite>
